[INFO] [2017-10-12 23:50:55][org.springframework.context.support.ClassPathXmlApplicationContext]Refreshing org.springframework.context.support.ClassPathXmlApplicationContext@13b6d03: startup date [Thu Oct 12 23:50:55 CST 2017]; root of context hierarchy
  [INFO] [2017-10-12 23:50:55][org.springframework.beans.factory.xml.XmlBeanDefinitionReader]Loading XML bean definitions from class path resource [spring.xml]
  [INFO] [2017-10-12 23:50:55][org.springframework.beans.factory.xml.XmlBeanDefinitionReader]Loading XML bean definitions from class path resource [spring-mybatis.xml]
  [INFO] [2017-10-12 23:50:55][org.springframework.beans.factory.xml.XmlBeanDefinitionReader]Loading XML bean definitions from class path resource [spring-mybatis.xml]
  [WARN] [2017-10-12 23:50:56][org.mybatis.spring.mapper.ClassPathMapperScanner]Skipping MapperFactoryBean with name 'userMapper' and 'com.smh.login.mapper.UserMapper' mapperInterface. Bean already defined with the same name!
  [WARN] [2017-10-12 23:50:56][org.mybatis.spring.mapper.ClassPathMapperScanner]No MyBatis mapper was found in '[com.smh.*.mapper]' package. Please check your configuration.
  [INFO] [2017-10-12 23:50:56][org.springframework.beans.factory.annotation.AutowiredAnnotationBeanPostProcessor]JSR-330 'javax.inject.Inject' annotation found and supported for autowiring
  [INFO] [2017-10-12 23:50:57][com.alibaba.druid.pool.DruidDataSource]{dataSource-1} inited
  [INFO] [2017-10-12 23:54:54][org.springframework.context.support.ClassPathXmlApplicationContext]Refreshing org.springframework.context.support.ClassPathXmlApplicationContext@13b6d03: startup date [Thu Oct 12 23:54:54 CST 2017]; root of context hierarchy
  [INFO] [2017-10-12 23:54:54][org.springframework.beans.factory.xml.XmlBeanDefinitionReader]Loading XML bean definitions from class path resource [spring.xml]
  [INFO] [2017-10-12 23:54:55][org.springframework.beans.factory.xml.XmlBeanDefinitionReader]Loading XML bean definitions from class path resource [spring-mybatis.xml]
  [INFO] [2017-10-12 23:54:55][org.springframework.beans.factory.xml.XmlBeanDefinitionReader]Loading XML bean definitions from class path resource [spring-mybatis.xml]
  [WARN] [2017-10-12 23:54:55][org.mybatis.spring.mapper.ClassPathMapperScanner]Skipping MapperFactoryBean with name 'userMapper' and 'com.smh.login.mapper.UserMapper' mapperInterface. Bean already defined with the same name!
  [WARN] [2017-10-12 23:54:55][org.mybatis.spring.mapper.ClassPathMapperScanner]No MyBatis mapper was found in '[com.smh.*.mapper]' package. Please check your configuration.
  [WARN] [2017-10-12 23:54:55][org.springframework.context.support.ClassPathXmlApplicationContext]Exception encountered during context initialization - cancelling refresh attempt: org.springframework.beans.factory.BeanDefinitionStoreException: Invalid bean definition with name 'dataSource' defined in class path resource [spring-mybatis.xml]: Could not resolve placeholder 'jdbc.driverClassName' in value "${jdbc.driverClassName}"; nested exception is java.lang.IllegalArgumentException: Could not resolve placeholder 'jdbc.driverClassName' in value "${jdbc.driverClassName}"
  [INFO] [2017-10-12 23:55:20][org.springframework.context.support.ClassPathXmlApplicationContext]Refreshing org.springframework.context.support.ClassPathXmlApplicationContext@73035e27: startup date [Thu Oct 12 23:55:20 CST 2017]; root of context hierarchy
  [INFO] [2017-10-12 23:55:20][org.springframework.beans.factory.xml.XmlBeanDefinitionReader]Loading XML bean definitions from class path resource [spring.xml]
  [INFO] [2017-10-12 23:55:20][org.springframework.beans.factory.xml.XmlBeanDefinitionReader]Loading XML bean definitions from class path resource [spring-mybatis.xml]
  [INFO] [2017-10-12 23:55:20][org.springframework.beans.factory.xml.XmlBeanDefinitionReader]Loading XML bean definitions from class path resource [spring-mybatis.xml]
  [WARN] [2017-10-12 23:55:20][org.mybatis.spring.mapper.ClassPathMapperScanner]Skipping MapperFactoryBean with name 'userMapper' and 'com.smh.login.mapper.UserMapper' mapperInterface. Bean already defined with the same name!
  [WARN] [2017-10-12 23:55:20][org.mybatis.spring.mapper.ClassPathMapperScanner]No MyBatis mapper was found in '[com.smh.*.mapper]' package. Please check your configuration.
  [INFO] [2017-10-12 23:55:21][org.springframework.beans.factory.annotation.AutowiredAnnotationBeanPostProcessor]JSR-330 'javax.inject.Inject' annotation found and supported for autowiring
  [WARN] [2017-10-12 23:55:21][org.springframework.context.support.ClassPathXmlApplicationContext]Exception encountered during context initialization - cancelling refresh attempt: org.springframework.beans.factory.BeanCreationException: Error creating bean with name 'userController': Injection of resource dependencies failed; nested exception is org.springframework.beans.factory.UnsatisfiedDependencyException: Error creating bean with name 'userService': Unsatisfied dependency expressed through field 'userMapper'; nested exception is org.springframework.beans.factory.BeanCreationException: Error creating bean with name 'userMapper' defined in file [/Volumes/ssd2/myeclipse_workspace/smartHome/target/classes/com/smh/login/mapper/UserMapper.class]: Cannot resolve reference to bean 'sqlSessionFactory' while setting bean property 'sqlSessionFactory'; nested exception is org.springframework.beans.factory.BeanCreationException: Error creating bean with name 'sqlSessionFactory' defined in class path resource [spring-mybatis.xml]: Cannot resolve reference to bean 'dataSource' while setting bean property 'dataSource'; nested exception is org.springframework.beans.factory.BeanCreationException: Error creating bean with name 'dataSource' defined in class path resource [spring-mybatis.xml]: Cannot resolve reference to bean 'logFilter' while setting bean property 'proxyFilters' with key [0]; nested exception is org.springframework.beans.factory.NoSuchBeanDefinitionException: No bean named 'logFilter' available
  [INFO] [2017-10-12 23:57:16][org.springframework.context.support.ClassPathXmlApplicationContext]Refreshing org.springframework.context.support.ClassPathXmlApplicationContext@13b6d03: startup date [Thu Oct 12 23:57:16 CST 2017]; root of context hierarchy
  [INFO] [2017-10-12 23:57:16][org.springframework.beans.factory.xml.XmlBeanDefinitionReader]Loading XML bean definitions from class path resource [spring.xml]
  [INFO] [2017-10-12 23:57:16][org.springframework.beans.factory.xml.XmlBeanDefinitionReader]Loading XML bean definitions from class path resource [spring-mybatis.xml]
  [INFO] [2017-10-12 23:57:16][org.springframework.beans.factory.xml.XmlBeanDefinitionReader]Loading XML bean definitions from class path resource [spring-mybatis.xml]
  [WARN] [2017-10-12 23:57:17][org.mybatis.spring.mapper.ClassPathMapperScanner]Skipping MapperFactoryBean with name 'userMapper' and 'com.smh.login.mapper.UserMapper' mapperInterface. Bean already defined with the same name!
  [WARN] [2017-10-12 23:57:17][org.mybatis.spring.mapper.ClassPathMapperScanner]No MyBatis mapper was found in '[com.smh.*.mapper]' package. Please check your configuration.
  [INFO] [2017-10-12 23:57:17][org.springframework.beans.factory.annotation.AutowiredAnnotationBeanPostProcessor]JSR-330 'javax.inject.Inject' annotation found and supported for autowiring
  [INFO] [2017-10-12 23:57:18][com.alibaba.druid.pool.DruidDataSource]{dataSource-1} inited
  [INFO] [2017-10-13 00:02:16][org.springframework.context.support.ClassPathXmlApplicationContext]Refreshing org.springframework.context.support.ClassPathXmlApplicationContext@13b6d03: startup date [Fri Oct 13 00:02:16 CST 2017]; root of context hierarchy
  [INFO] [2017-10-13 00:02:16][org.springframework.beans.factory.xml.XmlBeanDefinitionReader]Loading XML bean definitions from class path resource [spring.xml]
  [INFO] [2017-10-13 00:02:17][org.springframework.beans.factory.xml.XmlBeanDefinitionReader]Loading XML bean definitions from class path resource [spring-mybatis.xml]
  [INFO] [2017-10-13 00:02:17][org.springframework.beans.factory.xml.XmlBeanDefinitionReader]Loading XML bean definitions from class path resource [spring-mybatis.xml]
  [WARN] [2017-10-13 00:02:17][org.mybatis.spring.mapper.ClassPathMapperScanner]Skipping MapperFactoryBean with name 'userMapper' and 'com.smh.login.mapper.UserMapper' mapperInterface. Bean already defined with the same name!
  [WARN] [2017-10-13 00:02:17][org.mybatis.spring.mapper.ClassPathMapperScanner]No MyBatis mapper was found in '[com.smh.*.mapper]' package. Please check your configuration.
  [INFO] [2017-10-13 00:02:17][org.springframework.beans.factory.annotation.AutowiredAnnotationBeanPostProcessor]JSR-330 'javax.inject.Inject' annotation found and supported for autowiring
  [INFO] [2017-10-13 00:02:18][com.alibaba.druid.pool.DruidDataSource]{dataSource-1} inited
  [INFO] [2017-10-13 00:05:59][org.springframework.context.support.ClassPathXmlApplicationContext]Refreshing org.springframework.context.support.ClassPathXmlApplicationContext@13b6d03: startup date [Fri Oct 13 00:05:59 CST 2017]; root of context hierarchy
  [INFO] [2017-10-13 00:05:59][org.springframework.beans.factory.xml.XmlBeanDefinitionReader]Loading XML bean definitions from class path resource [spring.xml]
  [INFO] [2017-10-13 00:05:59][org.springframework.beans.factory.xml.XmlBeanDefinitionReader]Loading XML bean definitions from class path resource [spring-mybatis.xml]
  [INFO] [2017-10-13 00:05:59][org.springframework.beans.factory.xml.XmlBeanDefinitionReader]Loading XML bean definitions from class path resource [spring-mybatis.xml]
  [WARN] [2017-10-13 00:05:59][org.mybatis.spring.mapper.ClassPathMapperScanner]Skipping MapperFactoryBean with name 'userMapper' and 'com.smh.login.mapper.UserMapper' mapperInterface. Bean already defined with the same name!
  [WARN] [2017-10-13 00:05:59][org.mybatis.spring.mapper.ClassPathMapperScanner]No MyBatis mapper was found in '[com.smh.*.mapper]' package. Please check your configuration.
  [WARN] [2017-10-13 00:05:59][org.springframework.context.support.ClassPathXmlApplicationContext]Exception encountered during context initialization - cancelling refresh attempt: org.springframework.beans.factory.BeanDefinitionStoreException: Invalid bean definition with name 'dataSource' defined in class path resource [spring-mybatis.xml]: Could not resolve placeholder 'jdbc.user' in value "${jdbc.user}"; nested exception is java.lang.IllegalArgumentException: Could not resolve placeholder 'jdbc.user' in value "${jdbc.user}"
  [INFO] [2017-10-13 00:06:30][org.springframework.context.support.ClassPathXmlApplicationContext]Refreshing org.springframework.context.support.ClassPathXmlApplicationContext@13b6d03: startup date [Fri Oct 13 00:06:30 CST 2017]; root of context hierarchy
  [INFO] [2017-10-13 00:06:30][org.springframework.beans.factory.xml.XmlBeanDefinitionReader]Loading XML bean definitions from class path resource [spring.xml]
  [INFO] [2017-10-13 00:06:31][org.springframework.beans.factory.xml.XmlBeanDefinitionReader]Loading XML bean definitions from class path resource [spring-mybatis.xml]
  [INFO] [2017-10-13 00:06:31][org.springframework.beans.factory.xml.XmlBeanDefinitionReader]Loading XML bean definitions from class path resource [spring-mybatis.xml]
  [WARN] [2017-10-13 00:06:31][org.mybatis.spring.mapper.ClassPathMapperScanner]Skipping MapperFactoryBean with name 'userMapper' and 'com.smh.login.mapper.UserMapper' mapperInterface. Bean already defined with the same name!
  [WARN] [2017-10-13 00:06:31][org.mybatis.spring.mapper.ClassPathMapperScanner]No MyBatis mapper was found in '[com.smh.*.mapper]' package. Please check your configuration.
  [INFO] [2017-10-13 00:06:31][org.springframework.beans.factory.annotation.AutowiredAnnotationBeanPostProcessor]JSR-330 'javax.inject.Inject' annotation found and supported for autowiring
  [INFO] [2017-10-13 00:06:32][com.alibaba.druid.pool.DruidDataSource]{dataSource-1} inited
  [INFO] [2017-10-13 00:12:47][org.springframework.context.support.ClassPathXmlApplicationContext]Refreshing org.springframework.context.support.ClassPathXmlApplicationContext@13b6d03: startup date [Fri Oct 13 00:12:47 CST 2017]; root of context hierarchy
  [INFO] [2017-10-13 00:12:47][org.springframework.beans.factory.xml.XmlBeanDefinitionReader]Loading XML bean definitions from class path resource [spring.xml]
  [INFO] [2017-10-13 00:12:47][org.springframework.beans.factory.xml.XmlBeanDefinitionReader]Loading XML bean definitions from class path resource [spring-mybatis.xml]
  [INFO] [2017-10-13 00:12:47][org.springframework.beans.factory.xml.XmlBeanDefinitionReader]Loading XML bean definitions from class path resource [spring-mybatis.xml]
  [WARN] [2017-10-13 00:12:48][org.mybatis.spring.mapper.ClassPathMapperScanner]Skipping MapperFactoryBean with name 'userMapper' and 'com.smh.login.mapper.UserMapper' mapperInterface. Bean already defined with the same name!
  [WARN] [2017-10-13 00:12:48][org.mybatis.spring.mapper.ClassPathMapperScanner]No MyBatis mapper was found in '[com.smh.*.mapper]' package. Please check your configuration.
  [INFO] [2017-10-13 00:12:48][org.springframework.beans.factory.annotation.AutowiredAnnotationBeanPostProcessor]JSR-330 'javax.inject.Inject' annotation found and supported for autowiring
  [WARN] [2017-10-13 00:12:48][org.springframework.context.support.ClassPathXmlApplicationContext]Exception encountered during context initialization - cancelling refresh attempt: org.springframework.beans.factory.BeanCreationException: Error creating bean with name 'userController': Injection of resource dependencies failed; nested exception is org.springframework.beans.factory.UnsatisfiedDependencyException: Error creating bean with name 'userService': Unsatisfied dependency expressed through field 'userMapper'; nested exception is org.springframework.beans.factory.BeanCreationException: Error creating bean with name 'userMapper' defined in file [/Volumes/ssd2/myeclipse_workspace/smartHome/target/classes/com/smh/login/mapper/UserMapper.class]: Cannot resolve reference to bean 'sqlSessionFactory' while setting bean property 'sqlSessionFactory'; nested exception is org.springframework.beans.factory.BeanCreationException: Error creating bean with name 'sqlSessionFactory' defined in class path resource [spring-mybatis.xml]: Cannot resolve reference to bean 'dataSource' while setting bean property 'dataSource'; nested exception is org.springframework.beans.factory.BeanCreationException: Error creating bean with name 'dataSource' defined in class path resource [spring-mybatis.xml]: Cannot resolve reference to bean 'logFilter' while setting bean property 'proxyFilters' with key [0]; nested exception is org.springframework.beans.factory.NoSuchBeanDefinitionException: No bean named 'logFilter' available
  [INFO] [2017-10-13 00:14:12][org.springframework.context.support.ClassPathXmlApplicationContext]Refreshing org.springframework.context.support.ClassPathXmlApplicationContext@73035e27: startup date [Fri Oct 13 00:14:12 CST 2017]; root of context hierarchy
  [INFO] [2017-10-13 00:14:12][org.springframework.beans.factory.xml.XmlBeanDefinitionReader]Loading XML bean definitions from class path resource [spring.xml]
  [INFO] [2017-10-13 00:14:12][org.springframework.beans.factory.xml.XmlBeanDefinitionReader]Loading XML bean definitions from class path resource [spring-mybatis.xml]
  [INFO] [2017-10-13 00:14:13][org.springframework.beans.factory.xml.XmlBeanDefinitionReader]Loading XML bean definitions from class path resource [spring-mybatis.xml]
  [WARN] [2017-10-13 00:14:13][org.mybatis.spring.mapper.ClassPathMapperScanner]Skipping MapperFactoryBean with name 'userMapper' and 'com.smh.login.mapper.UserMapper' mapperInterface. Bean already defined with the same name!
  [WARN] [2017-10-13 00:14:13][org.mybatis.spring.mapper.ClassPathMapperScanner]No MyBatis mapper was found in '[com.smh.*.mapper]' package. Please check your configuration.
  [INFO] [2017-10-13 00:14:13][org.springframework.beans.factory.annotation.AutowiredAnnotationBeanPostProcessor]JSR-330 'javax.inject.Inject' annotation found and supported for autowiring
  [INFO] [2017-10-13 00:14:14][com.alibaba.druid.pool.DruidDataSource]{dataSource-1} inited
  [INFO] [2017-10-13 00:19:24][org.springframework.context.support.ClassPathXmlApplicationContext]Refreshing org.springframework.context.support.ClassPathXmlApplicationContext@13b6d03: startup date [Fri Oct 13 00:19:24 CST 2017]; root of context hierarchy
  [INFO] [2017-10-13 00:19:24][org.springframework.beans.factory.xml.XmlBeanDefinitionReader]Loading XML bean definitions from class path resource [spring.xml]
  [INFO] [2017-10-13 00:19:24][org.springframework.beans.factory.xml.XmlBeanDefinitionReader]Loading XML bean definitions from class path resource [spring-mybatis.xml]
  [INFO] [2017-10-13 00:20:03][org.springframework.context.support.ClassPathXmlApplicationContext]Refreshing org.springframework.context.support.ClassPathXmlApplicationContext@13b6d03: startup date [Fri Oct 13 00:20:03 CST 2017]; root of context hierarchy
  [INFO] [2017-10-13 00:20:03][org.springframework.beans.factory.xml.XmlBeanDefinitionReader]Loading XML bean definitions from class path resource [spring.xml]
  [INFO] [2017-10-13 00:20:04][org.springframework.beans.factory.xml.XmlBeanDefinitionReader]Loading XML bean definitions from class path resource [spring-mybatis.xml]
  [INFO] [2017-10-13 00:20:04][org.springframework.beans.factory.xml.XmlBeanDefinitionReader]Loading XML bean definitions from class path resource [spring-mybatis.xml]
  [WARN] [2017-10-13 00:20:04][org.mybatis.spring.mapper.ClassPathMapperScanner]Skipping MapperFactoryBean with name 'userMapper' and 'com.smh.login.mapper.UserMapper' mapperInterface. Bean already defined with the same name!
  [WARN] [2017-10-13 00:20:04][org.mybatis.spring.mapper.ClassPathMapperScanner]No MyBatis mapper was found in '[com.smh.*.mapper]' package. Please check your configuration.
  [INFO] [2017-10-13 00:20:04][org.springframework.beans.factory.annotation.AutowiredAnnotationBeanPostProcessor]JSR-330 'javax.inject.Inject' annotation found and supported for autowiring
  [INFO] [2017-10-13 00:20:06][com.alibaba.druid.pool.DruidDataSource]{dataSource-1} inited
  [INFO] [2017-10-13 00:21:38][org.springframework.context.support.ClassPathXmlApplicationContext]Refreshing org.springframework.context.support.ClassPathXmlApplicationContext@13b6d03: startup date [Fri Oct 13 00:21:38 CST 2017]; root of context hierarchy
  [INFO] [2017-10-13 00:21:38][org.springframework.beans.factory.xml.XmlBeanDefinitionReader]Loading XML bean definitions from class path resource [spring.xml]
  [INFO] [2017-10-13 00:21:39][org.springframework.beans.factory.xml.XmlBeanDefinitionReader]Loading XML bean definitions from class path resource [spring-mybatis.xml]
  [INFO] [2017-10-13 00:21:39][org.springframework.beans.factory.xml.XmlBeanDefinitionReader]Loading XML bean definitions from class path resource [spring-mybatis.xml]
  [WARN] [2017-10-13 00:21:39][org.mybatis.spring.mapper.ClassPathMapperScanner]Skipping MapperFactoryBean with name 'userMapper' and 'com.smh.login.mapper.UserMapper' mapperInterface. Bean already defined with the same name!
  [WARN] [2017-10-13 00:21:39][org.mybatis.spring.mapper.ClassPathMapperScanner]No MyBatis mapper was found in '[com.smh.*.mapper]' package. Please check your configuration.
  [INFO] [2017-10-13 00:21:39][org.springframework.beans.factory.annotation.AutowiredAnnotationBeanPostProcessor]JSR-330 'javax.inject.Inject' annotation found and supported for autowiring
  [INFO] [2017-10-13 00:21:40][com.alibaba.druid.pool.DruidDataSource]{dataSource-1} inited
  [INFO] [2017-10-13 00:22:48][org.springframework.context.support.ClassPathXmlApplicationContext]Refreshing org.springframework.context.support.ClassPathXmlApplicationContext@13b6d03: startup date [Fri Oct 13 00:22:48 CST 2017]; root of context hierarchy
  [INFO] [2017-10-13 00:22:48][org.springframework.beans.factory.xml.XmlBeanDefinitionReader]Loading XML bean definitions from class path resource [spring.xml]
  [INFO] [2017-10-13 00:22:48][org.springframework.beans.factory.xml.XmlBeanDefinitionReader]Loading XML bean definitions from class path resource [spring-mybatis.xml]
  [INFO] [2017-10-13 00:22:49][org.springframework.beans.factory.xml.XmlBeanDefinitionReader]Loading XML bean definitions from class path resource [spring-mybatis.xml]
  [WARN] [2017-10-13 00:22:49][org.mybatis.spring.mapper.ClassPathMapperScanner]No MyBatis mapper was found in '[com.smh.*.mapper.*]' package. Please check your configuration.
  [WARN] [2017-10-13 00:22:49][org.mybatis.spring.mapper.ClassPathMapperScanner]No MyBatis mapper was found in '[com.smh.*.mapper.*]' package. Please check your configuration.
  [INFO] [2017-10-13 00:22:49][org.springframework.beans.factory.annotation.AutowiredAnnotationBeanPostProcessor]JSR-330 'javax.inject.Inject' annotation found and supported for autowiring
  [WARN] [2017-10-13 00:22:49][org.springframework.context.support.ClassPathXmlApplicationContext]Exception encountered during context initialization - cancelling refresh attempt: org.springframework.beans.factory.BeanCreationException: Error creating bean with name 'userController': Injection of resource dependencies failed; nested exception is org.springframework.beans.factory.UnsatisfiedDependencyException: Error creating bean with name 'userService': Unsatisfied dependency expressed through field 'userMapper'; nested exception is org.springframework.beans.factory.NoSuchBeanDefinitionException: No qualifying bean of type 'com.smh.login.mapper.UserMapper' available: expected at least 1 bean which qualifies as autowire candidate. Dependency annotations: {@org.springframework.beans.factory.annotation.Autowired(required=true)}
  [INFO] [2017-10-13 00:23:07][org.springframework.context.support.ClassPathXmlApplicationContext]Refreshing org.springframework.context.support.ClassPathXmlApplicationContext@13b6d03: startup date [Fri Oct 13 00:23:07 CST 2017]; root of context hierarchy
  [INFO] [2017-10-13 00:23:08][org.springframework.beans.factory.xml.XmlBeanDefinitionReader]Loading XML bean definitions from class path resource [spring.xml]
  [INFO] [2017-10-13 00:23:08][org.springframework.beans.factory.xml.XmlBeanDefinitionReader]Loading XML bean definitions from class path resource [spring-mybatis.xml]
  [INFO] [2017-10-13 00:23:08][org.springframework.beans.factory.xml.XmlBeanDefinitionReader]Loading XML bean definitions from class path resource [spring-mybatis.xml]
  [INFO] [2017-10-13 00:23:24][org.springframework.context.support.ClassPathXmlApplicationContext]Refreshing org.springframework.context.support.ClassPathXmlApplicationContext@13b6d03: startup date [Fri Oct 13 00:23:24 CST 2017]; root of context hierarchy
  [INFO] [2017-10-13 00:23:24][org.springframework.beans.factory.xml.XmlBeanDefinitionReader]Loading XML bean definitions from class path resource [spring.xml]
  [INFO] [2017-10-13 00:23:24][org.springframework.beans.factory.xml.XmlBeanDefinitionReader]Loading XML bean definitions from class path resource [spring-mybatis.xml]
  [INFO] [2017-10-13 00:23:25][org.springframework.beans.factory.xml.XmlBeanDefinitionReader]Loading XML bean definitions from class path resource [spring-mybatis.xml]
  [WARN] [2017-10-13 00:23:25][org.mybatis.spring.mapper.ClassPathMapperScanner]Skipping MapperFactoryBean with name 'userMapper' and 'com.smh.login.mapper.UserMapper' mapperInterface. Bean already defined with the same name!
  [WARN] [2017-10-13 00:23:25][org.mybatis.spring.mapper.ClassPathMapperScanner]No MyBatis mapper was found in '[com.smh.*.mapper]' package. Please check your configuration.
  [INFO] [2017-10-13 00:23:25][org.springframework.beans.factory.annotation.AutowiredAnnotationBeanPostProcessor]JSR-330 'javax.inject.Inject' annotation found and supported for autowiring
  [INFO] [2017-10-13 00:23:26][com.alibaba.druid.pool.DruidDataSource]{dataSource-1} inited
  [INFO] [2017-10-13 00:24:43][org.springframework.context.support.ClassPathXmlApplicationContext]Refreshing org.springframework.context.support.ClassPathXmlApplicationContext@13b6d03: startup date [Fri Oct 13 00:24:43 CST 2017]; root of context hierarchy
  [INFO] [2017-10-13 00:24:43][org.springframework.beans.factory.xml.XmlBeanDefinitionReader]Loading XML bean definitions from class path resource [spring.xml]
  [INFO] [2017-10-13 00:24:44][org.springframework.beans.factory.xml.XmlBeanDefinitionReader]Loading XML bean definitions from class path resource [spring-mybatis.xml]
  [INFO] [2017-10-13 00:24:44][org.springframework.beans.factory.xml.XmlBeanDefinitionReader]Loading XML bean definitions from class path resource [spring-mybatis.xml]
  [INFO] [2017-10-13 00:24:44][org.springframework.beans.factory.annotation.AutowiredAnnotationBeanPostProcessor]JSR-330 'javax.inject.Inject' annotation found and supported for autowiring
  [WARN] [2017-10-13 00:24:44][org.springframework.context.support.ClassPathXmlApplicationContext]Exception encountered during context initialization - cancelling refresh attempt: org.springframework.beans.factory.BeanCreationException: Error creating bean with name 'userController': Injection of resource dependencies failed; nested exception is org.springframework.beans.factory.UnsatisfiedDependencyException: Error creating bean with name 'userService': Unsatisfied dependency expressed through field 'userMapper'; nested exception is org.springframework.beans.factory.NoSuchBeanDefinitionException: No qualifying bean of type 'com.smh.login.mapper.UserMapper' available: expected at least 1 bean which qualifies as autowire candidate. Dependency annotations: {@org.springframework.beans.factory.annotation.Autowired(required=true)}
  [INFO] [2017-10-13 00:27:26][org.springframework.context.support.ClassPathXmlApplicationContext]Refreshing org.springframework.context.support.ClassPathXmlApplicationContext@13b6d03: startup date [Fri Oct 13 00:27:26 CST 2017]; root of context hierarchy
  [INFO] [2017-10-13 00:27:26][org.springframework.beans.factory.xml.XmlBeanDefinitionReader]Loading XML bean definitions from class path resource [spring.xml]
  [INFO] [2017-10-13 00:27:26][org.springframework.beans.factory.xml.XmlBeanDefinitionReader]Loading XML bean definitions from class path resource [spring-mybatis.xml]
  [INFO] [2017-10-13 00:27:27][org.springframework.beans.factory.xml.XmlBeanDefinitionReader]Loading XML bean definitions from class path resource [spring-mybatis.xml]
  [WARN] [2017-10-13 00:27:27][org.springframework.context.support.ClassPathXmlApplicationContext]Exception encountered during context initialization - cancelling refresh attempt: org.springframework.beans.factory.BeanCreationException: Error creating bean with name 'org.mybatis.spring.mapper.MapperScannerConfigurer#0' defined in class path resource [spring-mybatis.xml]: Initialization of bean failed; nested exception is org.springframework.beans.ConversionNotSupportedException: Failed to convert property value of type 'java.lang.String' to required type 'org.apache.ibatis.session.SqlSessionFactory' for property 'sqlSessionFactory'; nested exception is java.lang.IllegalStateException: Cannot convert value of type 'java.lang.String' to required type 'org.apache.ibatis.session.SqlSessionFactory' for property 'sqlSessionFactory': no matching editors or conversion strategy found
  [INFO] [2017-10-13 00:27:37][org.springframework.context.support.ClassPathXmlApplicationContext]Refreshing org.springframework.context.support.ClassPathXmlApplicationContext@13b6d03: startup date [Fri Oct 13 00:27:37 CST 2017]; root of context hierarchy
  [INFO] [2017-10-13 00:27:38][org.springframework.beans.factory.xml.XmlBeanDefinitionReader]Loading XML bean definitions from class path resource [spring.xml]
  [INFO] [2017-10-13 00:27:38][org.springframework.beans.factory.xml.XmlBeanDefinitionReader]Loading XML bean definitions from class path resource [spring-mybatis.xml]
  [INFO] [2017-10-13 00:27:38][org.springframework.beans.factory.xml.XmlBeanDefinitionReader]Loading XML bean definitions from class path resource [spring-mybatis.xml]
  [WARN] [2017-10-13 00:27:38][org.mybatis.spring.mapper.ClassPathMapperScanner]Skipping MapperFactoryBean with name 'userMapper' and 'com.smh.login.mapper.UserMapper' mapperInterface. Bean already defined with the same name!
  [WARN] [2017-10-13 00:27:38][org.mybatis.spring.mapper.ClassPathMapperScanner]No MyBatis mapper was found in '[com.smh.*.mapper]' package. Please check your configuration.
  [INFO] [2017-10-13 00:27:38][org.springframework.beans.factory.annotation.AutowiredAnnotationBeanPostProcessor]JSR-330 'javax.inject.Inject' annotation found and supported for autowiring
  [INFO] [2017-10-13 00:27:40][com.alibaba.druid.pool.DruidDataSource]{dataSource-1} inited
  [INFO] [2017-10-13 00:34:40][org.springframework.context.support.ClassPathXmlApplicationContext]Refreshing org.springframework.context.support.ClassPathXmlApplicationContext@13b6d03: startup date [Fri Oct 13 00:34:40 CST 2017]; root of context hierarchy
[INFO] [2017-10-13 00:34:40][org.springframework.beans.factory.xml.XmlBeanDefinitionReader]Loading XML bean definitions from class path resource [spring.xml]
[INFO] [2017-10-13 00:34:40][org.springframework.beans.factory.xml.XmlBeanDefinitionReader]Loading XML bean definitions from class path resource [spring-mybatis.xml]
[INFO] [2017-10-13 00:34:40][org.springframework.beans.factory.xml.XmlBeanDefinitionReader]Loading XML bean definitions from class path resource [spring-mybatis.xml]
[WARN] [2017-10-13 00:34:41][org.mybatis.spring.mapper.ClassPathMapperScanner]Skipping MapperFactoryBean with name 'userMapper' and 'com.smh.login.mapper.UserMapper' mapperInterface. Bean already defined with the same name!
[WARN] [2017-10-13 00:34:41][org.mybatis.spring.mapper.ClassPathMapperScanner]No MyBatis mapper was found in '[com.smh.*.mapper]' package. Please check your configuration.
[INFO] [2017-10-13 00:34:41][org.springframework.beans.factory.annotation.AutowiredAnnotationBeanPostProcessor]JSR-330 'javax.inject.Inject' annotation found and supported for autowiring
[INFO] [2017-10-13 00:34:42][com.alibaba.druid.pool.DruidDataSource]{dataSource-1} inited
[INFO] [2017-10-13 00:40:03][org.springframework.context.support.ClassPathXmlApplicationContext]Refreshing org.springframework.context.support.ClassPathXmlApplicationContext@13b6d03: startup date [Fri Oct 13 00:40:03 CST 2017]; root of context hierarchy
[INFO] [2017-10-13 00:40:03][org.springframework.beans.factory.xml.XmlBeanDefinitionReader]Loading XML bean definitions from class path resource [spring.xml]
[INFO] [2017-10-13 00:40:04][org.springframework.beans.factory.xml.XmlBeanDefinitionReader]Loading XML bean definitions from class path resource [spring-mybatis.xml]
[INFO] [2017-10-13 00:40:04][org.springframework.beans.factory.xml.XmlBeanDefinitionReader]Loading XML bean definitions from class path resource [spring-mybatis.xml]
[WARN] [2017-10-13 00:40:04][org.mybatis.spring.mapper.ClassPathMapperScanner]Skipping MapperFactoryBean with name 'userMapper' and 'com.smh.login.mapper.UserMapper' mapperInterface. Bean already defined with the same name!
[WARN] [2017-10-13 00:40:04][org.mybatis.spring.mapper.ClassPathMapperScanner]No MyBatis mapper was found in '[com.smh.*.mapper]' package. Please check your configuration.
[INFO] [2017-10-13 00:40:04][org.springframework.beans.factory.annotation.AutowiredAnnotationBeanPostProcessor]JSR-330 'javax.inject.Inject' annotation found and supported for autowiring
[INFO] [2017-10-13 00:40:05][com.alibaba.druid.pool.DruidDataSource]{dataSource-1} inited
[INFO] [2017-10-13 00:57:35][org.springframework.context.support.ClassPathXmlApplicationContext]Refreshing org.springframework.context.support.ClassPathXmlApplicationContext@13b6d03: startup date [Fri Oct 13 00:57:35 CST 2017]; root of context hierarchy
[INFO] [2017-10-13 00:57:35][org.springframework.beans.factory.xml.XmlBeanDefinitionReader]Loading XML bean definitions from class path resource [spring.xml]
[INFO] [2017-10-13 00:57:36][org.springframework.beans.factory.xml.XmlBeanDefinitionReader]Loading XML bean definitions from class path resource [spring-mybatis.xml]
[INFO] [2017-10-13 00:57:36][org.springframework.beans.factory.xml.XmlBeanDefinitionReader]Loading XML bean definitions from class path resource [spring-mybatis.xml]
[WARN] [2017-10-13 00:57:36][org.mybatis.spring.mapper.ClassPathMapperScanner]Skipping MapperFactoryBean with name 'userMapper' and 'com.smh.login.mapper.UserMapper' mapperInterface. Bean already defined with the same name!
[WARN] [2017-10-13 00:57:36][org.mybatis.spring.mapper.ClassPathMapperScanner]No MyBatis mapper was found in '[com.smh.*.mapper]' package. Please check your configuration.
[INFO] [2017-10-13 00:57:36][org.springframework.beans.factory.annotation.AutowiredAnnotationBeanPostProcessor]JSR-330 'javax.inject.Inject' annotation found and supported for autowiring
[ERROR] [2017-10-13 00:57:37][com.alibaba.druid.pool.DruidDataSource]{dataSource-1} init error
java.sql.SQLException: com.mysql.cj.jdbc.Driver
	at com.alibaba.druid.util.JdbcUtils.createDriver(JdbcUtils.java:592)
	at com.alibaba.druid.pool.DruidDataSource.init(DruidDataSource.java:807)
	at sun.reflect.NativeMethodAccessorImpl.invoke0(Native Method)
	at sun.reflect.NativeMethodAccessorImpl.invoke(NativeMethodAccessorImpl.java:62)
	at sun.reflect.DelegatingMethodAccessorImpl.invoke(DelegatingMethodAccessorImpl.java:43)
	at java.lang.reflect.Method.invoke(Method.java:498)
	at org.springframework.beans.factory.support.AbstractAutowireCapableBeanFactory.invokeCustomInitMethod(AbstractAutowireCapableBeanFactory.java:1758)
	at org.springframework.beans.factory.support.AbstractAutowireCapableBeanFactory.invokeInitMethods(AbstractAutowireCapableBeanFactory.java:1695)
	at org.springframework.beans.factory.support.AbstractAutowireCapableBeanFactory.initializeBean(AbstractAutowireCapableBeanFactory.java:1624)
	at org.springframework.beans.factory.support.AbstractAutowireCapableBeanFactory.doCreateBean(AbstractAutowireCapableBeanFactory.java:555)
	at org.springframework.beans.factory.support.AbstractAutowireCapableBeanFactory.createBean(AbstractAutowireCapableBeanFactory.java:483)
	at org.springframework.beans.factory.support.AbstractBeanFactory$1.getObject(AbstractBeanFactory.java:306)
	at org.springframework.beans.factory.support.DefaultSingletonBeanRegistry.getSingleton(DefaultSingletonBeanRegistry.java:230)
	at org.springframework.beans.factory.support.AbstractBeanFactory.doGetBean(AbstractBeanFactory.java:302)
	at org.springframework.beans.factory.support.AbstractBeanFactory.getBean(AbstractBeanFactory.java:197)
	at org.springframework.beans.factory.support.BeanDefinitionValueResolver.resolveReference(BeanDefinitionValueResolver.java:351)
	at org.springframework.beans.factory.support.BeanDefinitionValueResolver.resolveValueIfNecessary(BeanDefinitionValueResolver.java:108)
	at org.springframework.beans.factory.support.AbstractAutowireCapableBeanFactory.applyPropertyValues(AbstractAutowireCapableBeanFactory.java:1531)
	at org.springframework.beans.factory.support.AbstractAutowireCapableBeanFactory.populateBean(AbstractAutowireCapableBeanFactory.java:1276)
	at org.springframework.beans.factory.support.AbstractAutowireCapableBeanFactory.doCreateBean(AbstractAutowireCapableBeanFactory.java:553)
	at org.springframework.beans.factory.support.AbstractAutowireCapableBeanFactory.createBean(AbstractAutowireCapableBeanFactory.java:483)
	at org.springframework.beans.factory.support.AbstractBeanFactory$1.getObject(AbstractBeanFactory.java:306)
	at org.springframework.beans.factory.support.DefaultSingletonBeanRegistry.getSingleton(DefaultSingletonBeanRegistry.java:230)
	at org.springframework.beans.factory.support.AbstractBeanFactory.doGetBean(AbstractBeanFactory.java:302)
	at org.springframework.beans.factory.support.AbstractBeanFactory.getBean(AbstractBeanFactory.java:197)
	at org.springframework.beans.factory.support.BeanDefinitionValueResolver.resolveReference(BeanDefinitionValueResolver.java:351)
	at org.springframework.beans.factory.support.BeanDefinitionValueResolver.resolveValueIfNecessary(BeanDefinitionValueResolver.java:108)
	at org.springframework.beans.factory.support.AbstractAutowireCapableBeanFactory.applyPropertyValues(AbstractAutowireCapableBeanFactory.java:1531)
	at org.springframework.beans.factory.support.AbstractAutowireCapableBeanFactory.populateBean(AbstractAutowireCapableBeanFactory.java:1276)
	at org.springframework.beans.factory.support.AbstractAutowireCapableBeanFactory.doCreateBean(AbstractAutowireCapableBeanFactory.java:553)
	at org.springframework.beans.factory.support.AbstractAutowireCapableBeanFactory.createBean(AbstractAutowireCapableBeanFactory.java:483)
	at org.springframework.beans.factory.support.AbstractBeanFactory$1.getObject(AbstractBeanFactory.java:306)
	at org.springframework.beans.factory.support.DefaultSingletonBeanRegistry.getSingleton(DefaultSingletonBeanRegistry.java:230)
	at org.springframework.beans.factory.support.AbstractBeanFactory.doGetBean(AbstractBeanFactory.java:302)
	at org.springframework.beans.factory.support.AbstractBeanFactory.getBean(AbstractBeanFactory.java:202)
	at org.springframework.beans.factory.config.DependencyDescriptor.resolveCandidate(DependencyDescriptor.java:208)
	at org.springframework.beans.factory.support.DefaultListableBeanFactory.doResolveDependency(DefaultListableBeanFactory.java:1138)
	at org.springframework.beans.factory.support.DefaultListableBeanFactory.resolveDependency(DefaultListableBeanFactory.java:1066)
	at org.springframework.beans.factory.annotation.AutowiredAnnotationBeanPostProcessor$AutowiredFieldElement.inject(AutowiredAnnotationBeanPostProcessor.java:585)
	at org.springframework.beans.factory.annotation.InjectionMetadata.inject(InjectionMetadata.java:88)
	at org.springframework.beans.factory.annotation.AutowiredAnnotationBeanPostProcessor.postProcessPropertyValues(AutowiredAnnotationBeanPostProcessor.java:366)
	at org.springframework.beans.factory.support.AbstractAutowireCapableBeanFactory.populateBean(AbstractAutowireCapableBeanFactory.java:1264)
	at org.springframework.beans.factory.support.AbstractAutowireCapableBeanFactory.doCreateBean(AbstractAutowireCapableBeanFactory.java:553)
	at org.springframework.beans.factory.support.AbstractAutowireCapableBeanFactory.createBean(AbstractAutowireCapableBeanFactory.java:483)
	at org.springframework.beans.factory.support.AbstractBeanFactory$1.getObject(AbstractBeanFactory.java:306)
	at org.springframework.beans.factory.support.DefaultSingletonBeanRegistry.getSingleton(DefaultSingletonBeanRegistry.java:230)
	at org.springframework.beans.factory.support.AbstractBeanFactory.doGetBean(AbstractBeanFactory.java:302)
	at org.springframework.beans.factory.support.AbstractBeanFactory.getBean(AbstractBeanFactory.java:202)
	at org.springframework.context.annotation.CommonAnnotationBeanPostProcessor.autowireResource(CommonAnnotationBeanPostProcessor.java:522)
	at org.springframework.context.annotation.CommonAnnotationBeanPostProcessor.getResource(CommonAnnotationBeanPostProcessor.java:496)
	at org.springframework.context.annotation.CommonAnnotationBeanPostProcessor$ResourceElement.getResourceToInject(CommonAnnotationBeanPostProcessor.java:627)
	at org.springframework.beans.factory.annotation.InjectionMetadata$InjectedElement.inject(InjectionMetadata.java:169)
	at org.springframework.beans.factory.annotation.InjectionMetadata.inject(InjectionMetadata.java:88)
	at org.springframework.context.annotation.CommonAnnotationBeanPostProcessor.postProcessPropertyValues(CommonAnnotationBeanPostProcessor.java:318)
	at org.springframework.beans.factory.support.AbstractAutowireCapableBeanFactory.populateBean(AbstractAutowireCapableBeanFactory.java:1264)
	at org.springframework.beans.factory.support.AbstractAutowireCapableBeanFactory.doCreateBean(AbstractAutowireCapableBeanFactory.java:553)
	at org.springframework.beans.factory.support.AbstractAutowireCapableBeanFactory.createBean(AbstractAutowireCapableBeanFactory.java:483)
	at org.springframework.beans.factory.support.AbstractBeanFactory$1.getObject(AbstractBeanFactory.java:306)
	at org.springframework.beans.factory.support.DefaultSingletonBeanRegistry.getSingleton(DefaultSingletonBeanRegistry.java:230)
	at org.springframework.beans.factory.support.AbstractBeanFactory.doGetBean(AbstractBeanFactory.java:302)
	at org.springframework.beans.factory.support.AbstractBeanFactory.getBean(AbstractBeanFactory.java:197)
	at org.springframework.beans.factory.support.DefaultListableBeanFactory.preInstantiateSingletons(DefaultListableBeanFactory.java:761)
	at org.springframework.context.support.AbstractApplicationContext.finishBeanFactoryInitialization(AbstractApplicationContext.java:867)
	at org.springframework.context.support.AbstractApplicationContext.refresh(AbstractApplicationContext.java:543)
	at org.springframework.context.support.ClassPathXmlApplicationContext.<init>(ClassPathXmlApplicationContext.java:139)
	at org.springframework.context.support.ClassPathXmlApplicationContext.<init>(ClassPathXmlApplicationContext.java:93)
	at test.MyBatisTest.before(MyBatisTest.java:21)
	at sun.reflect.NativeMethodAccessorImpl.invoke0(Native Method)
	at sun.reflect.NativeMethodAccessorImpl.invoke(NativeMethodAccessorImpl.java:62)
	at sun.reflect.DelegatingMethodAccessorImpl.invoke(DelegatingMethodAccessorImpl.java:43)
	at java.lang.reflect.Method.invoke(Method.java:498)
	at org.junit.runners.model.FrameworkMethod$1.runReflectiveCall(FrameworkMethod.java:47)
	at org.junit.internal.runners.model.ReflectiveCallable.run(ReflectiveCallable.java:12)
	at org.junit.runners.model.FrameworkMethod.invokeExplosively(FrameworkMethod.java:44)
	at org.junit.internal.runners.statements.RunBefores.evaluate(RunBefores.java:24)
	at org.junit.runners.ParentRunner.runLeaf(ParentRunner.java:271)
	at org.junit.runners.BlockJUnit4ClassRunner.runChild(BlockJUnit4ClassRunner.java:70)
	at org.junit.runners.BlockJUnit4ClassRunner.runChild(BlockJUnit4ClassRunner.java:50)
	at org.junit.runners.ParentRunner$3.run(ParentRunner.java:238)
	at org.junit.runners.ParentRunner$1.schedule(ParentRunner.java:63)
	at org.junit.runners.ParentRunner.runChildren(ParentRunner.java:236)
	at org.junit.runners.ParentRunner.access$000(ParentRunner.java:53)
	at org.junit.runners.ParentRunner$2.evaluate(ParentRunner.java:229)
	at org.junit.runners.ParentRunner.run(ParentRunner.java:309)
	at org.eclipse.jdt.internal.junit4.runner.JUnit4TestReference.run(JUnit4TestReference.java:86)
	at org.eclipse.jdt.internal.junit.runner.TestExecution.run(TestExecution.java:38)
	at org.eclipse.jdt.internal.junit.runner.RemoteTestRunner.runTests(RemoteTestRunner.java:459)
	at org.eclipse.jdt.internal.junit.runner.RemoteTestRunner.runTests(RemoteTestRunner.java:678)
	at org.eclipse.jdt.internal.junit.runner.RemoteTestRunner.run(RemoteTestRunner.java:382)
	at org.eclipse.jdt.internal.junit.runner.RemoteTestRunner.main(RemoteTestRunner.java:192)
Caused by: java.lang.ClassNotFoundException: com.mysql.cj.jdbc.Driver
	at java.net.URLClassLoader.findClass(URLClassLoader.java:381)
	at java.lang.ClassLoader.loadClass(ClassLoader.java:424)
	at sun.misc.Launcher$AppClassLoader.loadClass(Launcher.java:331)
	at java.lang.ClassLoader.loadClass(ClassLoader.java:357)
	at java.lang.Class.forName0(Native Method)
	at java.lang.Class.forName(Class.java:264)
	at com.alibaba.druid.util.JdbcUtils.createDriver(JdbcUtils.java:590)
	... 89 more
[WARN] [2017-10-13 00:57:37][org.springframework.context.support.ClassPathXmlApplicationContext]Exception encountered during context initialization - cancelling refresh attempt: org.springframework.beans.factory.BeanCreationException: Error creating bean with name 'userController': Injection of resource dependencies failed; nested exception is org.springframework.beans.factory.UnsatisfiedDependencyException: Error creating bean with name 'userService': Unsatisfied dependency expressed through field 'userMapper'; nested exception is org.springframework.beans.factory.BeanCreationException: Error creating bean with name 'userMapper' defined in file [/Volumes/ssd2/myeclipse_workspace/smartHome/target/classes/com/smh/login/mapper/UserMapper.class]: Cannot resolve reference to bean 'sqlSessionFactory' while setting bean property 'sqlSessionFactory'; nested exception is org.springframework.beans.factory.BeanCreationException: Error creating bean with name 'sqlSessionFactory' defined in class path resource [spring-mybatis.xml]: Cannot resolve reference to bean 'dataSource' while setting bean property 'dataSource'; nested exception is org.springframework.beans.factory.BeanCreationException: Error creating bean with name 'dataSource' defined in class path resource [spring-mybatis.xml]: Invocation of init method failed; nested exception is java.sql.SQLException: com.mysql.cj.jdbc.Driver
[INFO] [2017-10-13 01:03:21][org.springframework.context.support.ClassPathXmlApplicationContext]Refreshing org.springframework.context.support.ClassPathXmlApplicationContext@13b6d03: startup date [Fri Oct 13 01:03:21 CST 2017]; root of context hierarchy
[INFO] [2017-10-13 01:03:21][org.springframework.beans.factory.xml.XmlBeanDefinitionReader]Loading XML bean definitions from class path resource [spring.xml]
[INFO] [2017-10-13 01:03:21][org.springframework.beans.factory.xml.XmlBeanDefinitionReader]Loading XML bean definitions from class path resource [spring-mybatis.xml]
[INFO] [2017-10-13 01:03:22][org.springframework.beans.factory.xml.XmlBeanDefinitionReader]Loading XML bean definitions from class path resource [spring-mybatis.xml]
[WARN] [2017-10-13 01:03:22][org.mybatis.spring.mapper.ClassPathMapperScanner]Skipping MapperFactoryBean with name 'userMapper' and 'com.smh.login.mapper.UserMapper' mapperInterface. Bean already defined with the same name!
[WARN] [2017-10-13 01:03:22][org.mybatis.spring.mapper.ClassPathMapperScanner]No MyBatis mapper was found in '[com.smh.*.mapper]' package. Please check your configuration.
[INFO] [2017-10-13 01:03:22][org.springframework.beans.factory.annotation.AutowiredAnnotationBeanPostProcessor]JSR-330 'javax.inject.Inject' annotation found and supported for autowiring
[ERROR] [2017-10-13 01:03:22][com.alibaba.druid.pool.DruidDataSource]{dataSource-1} init error
java.sql.SQLException: com.mysql.cj.jdbc.Driver
	at com.alibaba.druid.util.JdbcUtils.createDriver(JdbcUtils.java:592)
	at com.alibaba.druid.pool.DruidDataSource.init(DruidDataSource.java:807)
	at sun.reflect.NativeMethodAccessorImpl.invoke0(Native Method)
	at sun.reflect.NativeMethodAccessorImpl.invoke(NativeMethodAccessorImpl.java:62)
	at sun.reflect.DelegatingMethodAccessorImpl.invoke(DelegatingMethodAccessorImpl.java:43)
	at java.lang.reflect.Method.invoke(Method.java:498)
	at org.springframework.beans.factory.support.AbstractAutowireCapableBeanFactory.invokeCustomInitMethod(AbstractAutowireCapableBeanFactory.java:1758)
	at org.springframework.beans.factory.support.AbstractAutowireCapableBeanFactory.invokeInitMethods(AbstractAutowireCapableBeanFactory.java:1695)
	at org.springframework.beans.factory.support.AbstractAutowireCapableBeanFactory.initializeBean(AbstractAutowireCapableBeanFactory.java:1624)
	at org.springframework.beans.factory.support.AbstractAutowireCapableBeanFactory.doCreateBean(AbstractAutowireCapableBeanFactory.java:555)
	at org.springframework.beans.factory.support.AbstractAutowireCapableBeanFactory.createBean(AbstractAutowireCapableBeanFactory.java:483)
	at org.springframework.beans.factory.support.AbstractBeanFactory$1.getObject(AbstractBeanFactory.java:306)
	at org.springframework.beans.factory.support.DefaultSingletonBeanRegistry.getSingleton(DefaultSingletonBeanRegistry.java:230)
	at org.springframework.beans.factory.support.AbstractBeanFactory.doGetBean(AbstractBeanFactory.java:302)
	at org.springframework.beans.factory.support.AbstractBeanFactory.getBean(AbstractBeanFactory.java:197)
	at org.springframework.beans.factory.support.DefaultListableBeanFactory.preInstantiateSingletons(DefaultListableBeanFactory.java:761)
	at org.springframework.context.support.AbstractApplicationContext.finishBeanFactoryInitialization(AbstractApplicationContext.java:867)
	at org.springframework.context.support.AbstractApplicationContext.refresh(AbstractApplicationContext.java:543)
	at org.springframework.context.support.ClassPathXmlApplicationContext.<init>(ClassPathXmlApplicationContext.java:139)
	at org.springframework.context.support.ClassPathXmlApplicationContext.<init>(ClassPathXmlApplicationContext.java:93)
	at test.MyBatisTest.before(MyBatisTest.java:21)
	at sun.reflect.NativeMethodAccessorImpl.invoke0(Native Method)
	at sun.reflect.NativeMethodAccessorImpl.invoke(NativeMethodAccessorImpl.java:62)
	at sun.reflect.DelegatingMethodAccessorImpl.invoke(DelegatingMethodAccessorImpl.java:43)
	at java.lang.reflect.Method.invoke(Method.java:498)
	at org.junit.runners.model.FrameworkMethod$1.runReflectiveCall(FrameworkMethod.java:47)
	at org.junit.internal.runners.model.ReflectiveCallable.run(ReflectiveCallable.java:12)
	at org.junit.runners.model.FrameworkMethod.invokeExplosively(FrameworkMethod.java:44)
	at org.junit.internal.runners.statements.RunBefores.evaluate(RunBefores.java:24)
	at org.junit.runners.ParentRunner.runLeaf(ParentRunner.java:271)
	at org.junit.runners.BlockJUnit4ClassRunner.runChild(BlockJUnit4ClassRunner.java:70)
	at org.junit.runners.BlockJUnit4ClassRunner.runChild(BlockJUnit4ClassRunner.java:50)
	at org.junit.runners.ParentRunner$3.run(ParentRunner.java:238)
	at org.junit.runners.ParentRunner$1.schedule(ParentRunner.java:63)
	at org.junit.runners.ParentRunner.runChildren(ParentRunner.java:236)
	at org.junit.runners.ParentRunner.access$000(ParentRunner.java:53)
	at org.junit.runners.ParentRunner$2.evaluate(ParentRunner.java:229)
	at org.junit.runners.ParentRunner.run(ParentRunner.java:309)
	at org.eclipse.jdt.internal.junit4.runner.JUnit4TestReference.run(JUnit4TestReference.java:86)
	at org.eclipse.jdt.internal.junit.runner.TestExecution.run(TestExecution.java:38)
	at org.eclipse.jdt.internal.junit.runner.RemoteTestRunner.runTests(RemoteTestRunner.java:459)
	at org.eclipse.jdt.internal.junit.runner.RemoteTestRunner.runTests(RemoteTestRunner.java:678)
	at org.eclipse.jdt.internal.junit.runner.RemoteTestRunner.run(RemoteTestRunner.java:382)
	at org.eclipse.jdt.internal.junit.runner.RemoteTestRunner.main(RemoteTestRunner.java:192)
Caused by: java.lang.ClassNotFoundException: com.mysql.cj.jdbc.Driver
	at java.net.URLClassLoader.findClass(URLClassLoader.java:381)
	at java.lang.ClassLoader.loadClass(ClassLoader.java:424)
	at sun.misc.Launcher$AppClassLoader.loadClass(Launcher.java:331)
	at java.lang.ClassLoader.loadClass(ClassLoader.java:357)
	at java.lang.Class.forName0(Native Method)
	at java.lang.Class.forName(Class.java:264)
	at com.alibaba.druid.util.JdbcUtils.createDriver(JdbcUtils.java:590)
	... 43 more
[WARN] [2017-10-13 01:03:22][org.springframework.context.support.ClassPathXmlApplicationContext]Exception encountered during context initialization - cancelling refresh attempt: org.springframework.beans.factory.BeanCreationException: Error creating bean with name 'dataSource' defined in class path resource [spring-mybatis.xml]: Invocation of init method failed; nested exception is java.sql.SQLException: com.mysql.cj.jdbc.Driver
[INFO] [2017-10-13 01:06:04][org.springframework.context.support.ClassPathXmlApplicationContext]Refreshing org.springframework.context.support.ClassPathXmlApplicationContext@13b6d03: startup date [Fri Oct 13 01:06:04 CST 2017]; root of context hierarchy
[INFO] [2017-10-13 01:06:04][org.springframework.beans.factory.xml.XmlBeanDefinitionReader]Loading XML bean definitions from class path resource [spring.xml]
[INFO] [2017-10-13 01:06:05][org.springframework.beans.factory.xml.XmlBeanDefinitionReader]Loading XML bean definitions from class path resource [spring-mybatis.xml]
[INFO] [2017-10-13 01:06:05][org.springframework.beans.factory.xml.XmlBeanDefinitionReader]Loading XML bean definitions from class path resource [spring-mybatis.xml]
[WARN] [2017-10-13 01:06:05][org.mybatis.spring.mapper.ClassPathMapperScanner]Skipping MapperFactoryBean with name 'userMapper' and 'com.smh.login.mapper.UserMapper' mapperInterface. Bean already defined with the same name!
[WARN] [2017-10-13 01:06:05][org.mybatis.spring.mapper.ClassPathMapperScanner]No MyBatis mapper was found in '[com.smh.*.mapper]' package. Please check your configuration.
[INFO] [2017-10-13 01:06:05][org.springframework.beans.factory.annotation.AutowiredAnnotationBeanPostProcessor]JSR-330 'javax.inject.Inject' annotation found and supported for autowiring
[ERROR] [2017-10-13 01:06:05][com.alibaba.druid.pool.DruidDataSource]{dataSource-1} init error
java.sql.SQLException: com.mysql.cj.jdbc.Driver
	at com.alibaba.druid.util.JdbcUtils.createDriver(JdbcUtils.java:592)
	at com.alibaba.druid.pool.DruidDataSource.init(DruidDataSource.java:807)
	at sun.reflect.NativeMethodAccessorImpl.invoke0(Native Method)
	at sun.reflect.NativeMethodAccessorImpl.invoke(NativeMethodAccessorImpl.java:62)
	at sun.reflect.DelegatingMethodAccessorImpl.invoke(DelegatingMethodAccessorImpl.java:43)
	at java.lang.reflect.Method.invoke(Method.java:498)
	at org.springframework.beans.factory.support.AbstractAutowireCapableBeanFactory.invokeCustomInitMethod(AbstractAutowireCapableBeanFactory.java:1758)
	at org.springframework.beans.factory.support.AbstractAutowireCapableBeanFactory.invokeInitMethods(AbstractAutowireCapableBeanFactory.java:1695)
	at org.springframework.beans.factory.support.AbstractAutowireCapableBeanFactory.initializeBean(AbstractAutowireCapableBeanFactory.java:1624)
	at org.springframework.beans.factory.support.AbstractAutowireCapableBeanFactory.doCreateBean(AbstractAutowireCapableBeanFactory.java:555)
	at org.springframework.beans.factory.support.AbstractAutowireCapableBeanFactory.createBean(AbstractAutowireCapableBeanFactory.java:483)
	at org.springframework.beans.factory.support.AbstractBeanFactory$1.getObject(AbstractBeanFactory.java:306)
	at org.springframework.beans.factory.support.DefaultSingletonBeanRegistry.getSingleton(DefaultSingletonBeanRegistry.java:230)
	at org.springframework.beans.factory.support.AbstractBeanFactory.doGetBean(AbstractBeanFactory.java:302)
	at org.springframework.beans.factory.support.AbstractBeanFactory.getBean(AbstractBeanFactory.java:197)
	at org.springframework.beans.factory.support.BeanDefinitionValueResolver.resolveReference(BeanDefinitionValueResolver.java:351)
	at org.springframework.beans.factory.support.BeanDefinitionValueResolver.resolveValueIfNecessary(BeanDefinitionValueResolver.java:108)
	at org.springframework.beans.factory.support.AbstractAutowireCapableBeanFactory.applyPropertyValues(AbstractAutowireCapableBeanFactory.java:1531)
	at org.springframework.beans.factory.support.AbstractAutowireCapableBeanFactory.populateBean(AbstractAutowireCapableBeanFactory.java:1276)
	at org.springframework.beans.factory.support.AbstractAutowireCapableBeanFactory.doCreateBean(AbstractAutowireCapableBeanFactory.java:553)
	at org.springframework.beans.factory.support.AbstractAutowireCapableBeanFactory.createBean(AbstractAutowireCapableBeanFactory.java:483)
	at org.springframework.beans.factory.support.AbstractBeanFactory$1.getObject(AbstractBeanFactory.java:306)
	at org.springframework.beans.factory.support.DefaultSingletonBeanRegistry.getSingleton(DefaultSingletonBeanRegistry.java:230)
	at org.springframework.beans.factory.support.AbstractBeanFactory.doGetBean(AbstractBeanFactory.java:302)
	at org.springframework.beans.factory.support.AbstractBeanFactory.getBean(AbstractBeanFactory.java:197)
	at org.springframework.beans.factory.support.BeanDefinitionValueResolver.resolveReference(BeanDefinitionValueResolver.java:351)
	at org.springframework.beans.factory.support.BeanDefinitionValueResolver.resolveValueIfNecessary(BeanDefinitionValueResolver.java:108)
	at org.springframework.beans.factory.support.AbstractAutowireCapableBeanFactory.applyPropertyValues(AbstractAutowireCapableBeanFactory.java:1531)
	at org.springframework.beans.factory.support.AbstractAutowireCapableBeanFactory.populateBean(AbstractAutowireCapableBeanFactory.java:1276)
	at org.springframework.beans.factory.support.AbstractAutowireCapableBeanFactory.doCreateBean(AbstractAutowireCapableBeanFactory.java:553)
	at org.springframework.beans.factory.support.AbstractAutowireCapableBeanFactory.createBean(AbstractAutowireCapableBeanFactory.java:483)
	at org.springframework.beans.factory.support.AbstractBeanFactory$1.getObject(AbstractBeanFactory.java:306)
	at org.springframework.beans.factory.support.DefaultSingletonBeanRegistry.getSingleton(DefaultSingletonBeanRegistry.java:230)
	at org.springframework.beans.factory.support.AbstractBeanFactory.doGetBean(AbstractBeanFactory.java:302)
	at org.springframework.beans.factory.support.AbstractBeanFactory.getBean(AbstractBeanFactory.java:202)
	at org.springframework.beans.factory.config.DependencyDescriptor.resolveCandidate(DependencyDescriptor.java:208)
	at org.springframework.beans.factory.support.DefaultListableBeanFactory.doResolveDependency(DefaultListableBeanFactory.java:1138)
	at org.springframework.beans.factory.support.DefaultListableBeanFactory.resolveDependency(DefaultListableBeanFactory.java:1066)
	at org.springframework.beans.factory.annotation.AutowiredAnnotationBeanPostProcessor$AutowiredFieldElement.inject(AutowiredAnnotationBeanPostProcessor.java:585)
	at org.springframework.beans.factory.annotation.InjectionMetadata.inject(InjectionMetadata.java:88)
	at org.springframework.beans.factory.annotation.AutowiredAnnotationBeanPostProcessor.postProcessPropertyValues(AutowiredAnnotationBeanPostProcessor.java:366)
	at org.springframework.beans.factory.support.AbstractAutowireCapableBeanFactory.populateBean(AbstractAutowireCapableBeanFactory.java:1264)
	at org.springframework.beans.factory.support.AbstractAutowireCapableBeanFactory.doCreateBean(AbstractAutowireCapableBeanFactory.java:553)
	at org.springframework.beans.factory.support.AbstractAutowireCapableBeanFactory.createBean(AbstractAutowireCapableBeanFactory.java:483)
	at org.springframework.beans.factory.support.AbstractBeanFactory$1.getObject(AbstractBeanFactory.java:306)
	at org.springframework.beans.factory.support.DefaultSingletonBeanRegistry.getSingleton(DefaultSingletonBeanRegistry.java:230)
	at org.springframework.beans.factory.support.AbstractBeanFactory.doGetBean(AbstractBeanFactory.java:302)
	at org.springframework.beans.factory.support.AbstractBeanFactory.getBean(AbstractBeanFactory.java:202)
	at org.springframework.context.annotation.CommonAnnotationBeanPostProcessor.autowireResource(CommonAnnotationBeanPostProcessor.java:522)
	at org.springframework.context.annotation.CommonAnnotationBeanPostProcessor.getResource(CommonAnnotationBeanPostProcessor.java:496)
	at org.springframework.context.annotation.CommonAnnotationBeanPostProcessor$ResourceElement.getResourceToInject(CommonAnnotationBeanPostProcessor.java:627)
	at org.springframework.beans.factory.annotation.InjectionMetadata$InjectedElement.inject(InjectionMetadata.java:169)
	at org.springframework.beans.factory.annotation.InjectionMetadata.inject(InjectionMetadata.java:88)
	at org.springframework.context.annotation.CommonAnnotationBeanPostProcessor.postProcessPropertyValues(CommonAnnotationBeanPostProcessor.java:318)
	at org.springframework.beans.factory.support.AbstractAutowireCapableBeanFactory.populateBean(AbstractAutowireCapableBeanFactory.java:1264)
	at org.springframework.beans.factory.support.AbstractAutowireCapableBeanFactory.doCreateBean(AbstractAutowireCapableBeanFactory.java:553)
	at org.springframework.beans.factory.support.AbstractAutowireCapableBeanFactory.createBean(AbstractAutowireCapableBeanFactory.java:483)
	at org.springframework.beans.factory.support.AbstractBeanFactory$1.getObject(AbstractBeanFactory.java:306)
	at org.springframework.beans.factory.support.DefaultSingletonBeanRegistry.getSingleton(DefaultSingletonBeanRegistry.java:230)
	at org.springframework.beans.factory.support.AbstractBeanFactory.doGetBean(AbstractBeanFactory.java:302)
	at org.springframework.beans.factory.support.AbstractBeanFactory.getBean(AbstractBeanFactory.java:197)
	at org.springframework.beans.factory.support.DefaultListableBeanFactory.preInstantiateSingletons(DefaultListableBeanFactory.java:761)
	at org.springframework.context.support.AbstractApplicationContext.finishBeanFactoryInitialization(AbstractApplicationContext.java:867)
	at org.springframework.context.support.AbstractApplicationContext.refresh(AbstractApplicationContext.java:543)
	at org.springframework.context.support.ClassPathXmlApplicationContext.<init>(ClassPathXmlApplicationContext.java:139)
	at org.springframework.context.support.ClassPathXmlApplicationContext.<init>(ClassPathXmlApplicationContext.java:93)
	at test.MyBatisTest.before(MyBatisTest.java:21)
	at sun.reflect.NativeMethodAccessorImpl.invoke0(Native Method)
	at sun.reflect.NativeMethodAccessorImpl.invoke(NativeMethodAccessorImpl.java:62)
	at sun.reflect.DelegatingMethodAccessorImpl.invoke(DelegatingMethodAccessorImpl.java:43)
	at java.lang.reflect.Method.invoke(Method.java:498)
	at org.junit.runners.model.FrameworkMethod$1.runReflectiveCall(FrameworkMethod.java:47)
	at org.junit.internal.runners.model.ReflectiveCallable.run(ReflectiveCallable.java:12)
	at org.junit.runners.model.FrameworkMethod.invokeExplosively(FrameworkMethod.java:44)
	at org.junit.internal.runners.statements.RunBefores.evaluate(RunBefores.java:24)
	at org.junit.runners.ParentRunner.runLeaf(ParentRunner.java:271)
	at org.junit.runners.BlockJUnit4ClassRunner.runChild(BlockJUnit4ClassRunner.java:70)
	at org.junit.runners.BlockJUnit4ClassRunner.runChild(BlockJUnit4ClassRunner.java:50)
	at org.junit.runners.ParentRunner$3.run(ParentRunner.java:238)
	at org.junit.runners.ParentRunner$1.schedule(ParentRunner.java:63)
	at org.junit.runners.ParentRunner.runChildren(ParentRunner.java:236)
	at org.junit.runners.ParentRunner.access$000(ParentRunner.java:53)
	at org.junit.runners.ParentRunner$2.evaluate(ParentRunner.java:229)
	at org.junit.runners.ParentRunner.run(ParentRunner.java:309)
	at org.eclipse.jdt.internal.junit4.runner.JUnit4TestReference.run(JUnit4TestReference.java:86)
	at org.eclipse.jdt.internal.junit.runner.TestExecution.run(TestExecution.java:38)
	at org.eclipse.jdt.internal.junit.runner.RemoteTestRunner.runTests(RemoteTestRunner.java:459)
	at org.eclipse.jdt.internal.junit.runner.RemoteTestRunner.runTests(RemoteTestRunner.java:678)
	at org.eclipse.jdt.internal.junit.runner.RemoteTestRunner.run(RemoteTestRunner.java:382)
	at org.eclipse.jdt.internal.junit.runner.RemoteTestRunner.main(RemoteTestRunner.java:192)
Caused by: java.lang.ClassNotFoundException: com.mysql.cj.jdbc.Driver
	at java.net.URLClassLoader.findClass(URLClassLoader.java:381)
	at java.lang.ClassLoader.loadClass(ClassLoader.java:424)
	at sun.misc.Launcher$AppClassLoader.loadClass(Launcher.java:331)
	at java.lang.ClassLoader.loadClass(ClassLoader.java:357)
	at java.lang.Class.forName0(Native Method)
	at java.lang.Class.forName(Class.java:264)
	at com.alibaba.druid.util.JdbcUtils.createDriver(JdbcUtils.java:590)
	... 89 more
[WARN] [2017-10-13 01:06:05][org.springframework.context.support.ClassPathXmlApplicationContext]Exception encountered during context initialization - cancelling refresh attempt: org.springframework.beans.factory.BeanCreationException: Error creating bean with name 'userController': Injection of resource dependencies failed; nested exception is org.springframework.beans.factory.UnsatisfiedDependencyException: Error creating bean with name 'userService': Unsatisfied dependency expressed through field 'userMapper'; nested exception is org.springframework.beans.factory.BeanCreationException: Error creating bean with name 'userMapper' defined in file [/Volumes/ssd2/myeclipse_workspace/smartHome/target/classes/com/smh/login/mapper/UserMapper.class]: Cannot resolve reference to bean 'sqlSessionFactory' while setting bean property 'sqlSessionFactory'; nested exception is org.springframework.beans.factory.BeanCreationException: Error creating bean with name 'sqlSessionFactory' defined in class path resource [spring-mybatis.xml]: Cannot resolve reference to bean 'dataSource' while setting bean property 'dataSource'; nested exception is org.springframework.beans.factory.BeanCreationException: Error creating bean with name 'dataSource' defined in class path resource [spring-mybatis.xml]: Invocation of init method failed; nested exception is java.sql.SQLException: com.mysql.cj.jdbc.Driver
[INFO] [2017-10-13 01:07:30][org.springframework.context.support.ClassPathXmlApplicationContext]Refreshing org.springframework.context.support.ClassPathXmlApplicationContext@13b6d03: startup date [Fri Oct 13 01:07:30 CST 2017]; root of context hierarchy
[INFO] [2017-10-13 01:07:30][org.springframework.beans.factory.xml.XmlBeanDefinitionReader]Loading XML bean definitions from class path resource [spring.xml]
[INFO] [2017-10-13 01:07:30][org.springframework.beans.factory.xml.XmlBeanDefinitionReader]Loading XML bean definitions from class path resource [spring-mybatis.xml]
[INFO] [2017-10-13 01:07:30][org.springframework.beans.factory.xml.XmlBeanDefinitionReader]Loading XML bean definitions from class path resource [spring-mybatis.xml]
[WARN] [2017-10-13 01:07:30][org.mybatis.spring.mapper.ClassPathMapperScanner]Skipping MapperFactoryBean with name 'userMapper' and 'com.smh.login.mapper.UserMapper' mapperInterface. Bean already defined with the same name!
[WARN] [2017-10-13 01:07:30][org.mybatis.spring.mapper.ClassPathMapperScanner]No MyBatis mapper was found in '[com.smh.*.mapper]' package. Please check your configuration.
[INFO] [2017-10-13 01:07:30][org.springframework.beans.factory.annotation.AutowiredAnnotationBeanPostProcessor]JSR-330 'javax.inject.Inject' annotation found and supported for autowiring
[ERROR] [2017-10-13 01:07:31][com.alibaba.druid.pool.DruidDataSource]{dataSource-1} init error
java.sql.SQLException: com.mysql.cj.jdbc.Driver
	at com.alibaba.druid.util.JdbcUtils.createDriver(JdbcUtils.java:592)
	at com.alibaba.druid.pool.DruidDataSource.init(DruidDataSource.java:807)
	at sun.reflect.NativeMethodAccessorImpl.invoke0(Native Method)
	at sun.reflect.NativeMethodAccessorImpl.invoke(NativeMethodAccessorImpl.java:62)
	at sun.reflect.DelegatingMethodAccessorImpl.invoke(DelegatingMethodAccessorImpl.java:43)
	at java.lang.reflect.Method.invoke(Method.java:498)
	at org.springframework.beans.factory.support.AbstractAutowireCapableBeanFactory.invokeCustomInitMethod(AbstractAutowireCapableBeanFactory.java:1758)
	at org.springframework.beans.factory.support.AbstractAutowireCapableBeanFactory.invokeInitMethods(AbstractAutowireCapableBeanFactory.java:1695)
	at org.springframework.beans.factory.support.AbstractAutowireCapableBeanFactory.initializeBean(AbstractAutowireCapableBeanFactory.java:1624)
	at org.springframework.beans.factory.support.AbstractAutowireCapableBeanFactory.doCreateBean(AbstractAutowireCapableBeanFactory.java:555)
	at org.springframework.beans.factory.support.AbstractAutowireCapableBeanFactory.createBean(AbstractAutowireCapableBeanFactory.java:483)
	at org.springframework.beans.factory.support.AbstractBeanFactory$1.getObject(AbstractBeanFactory.java:306)
	at org.springframework.beans.factory.support.DefaultSingletonBeanRegistry.getSingleton(DefaultSingletonBeanRegistry.java:230)
	at org.springframework.beans.factory.support.AbstractBeanFactory.doGetBean(AbstractBeanFactory.java:302)
	at org.springframework.beans.factory.support.AbstractBeanFactory.getBean(AbstractBeanFactory.java:197)
	at org.springframework.beans.factory.support.DefaultListableBeanFactory.preInstantiateSingletons(DefaultListableBeanFactory.java:761)
	at org.springframework.context.support.AbstractApplicationContext.finishBeanFactoryInitialization(AbstractApplicationContext.java:867)
	at org.springframework.context.support.AbstractApplicationContext.refresh(AbstractApplicationContext.java:543)
	at org.springframework.context.support.ClassPathXmlApplicationContext.<init>(ClassPathXmlApplicationContext.java:139)
	at org.springframework.context.support.ClassPathXmlApplicationContext.<init>(ClassPathXmlApplicationContext.java:93)
	at test.MyBatisTest.before(MyBatisTest.java:21)
	at sun.reflect.NativeMethodAccessorImpl.invoke0(Native Method)
	at sun.reflect.NativeMethodAccessorImpl.invoke(NativeMethodAccessorImpl.java:62)
	at sun.reflect.DelegatingMethodAccessorImpl.invoke(DelegatingMethodAccessorImpl.java:43)
	at java.lang.reflect.Method.invoke(Method.java:498)
	at org.junit.runners.model.FrameworkMethod$1.runReflectiveCall(FrameworkMethod.java:47)
	at org.junit.internal.runners.model.ReflectiveCallable.run(ReflectiveCallable.java:12)
	at org.junit.runners.model.FrameworkMethod.invokeExplosively(FrameworkMethod.java:44)
	at org.junit.internal.runners.statements.RunBefores.evaluate(RunBefores.java:24)
	at org.junit.runners.ParentRunner.runLeaf(ParentRunner.java:271)
	at org.junit.runners.BlockJUnit4ClassRunner.runChild(BlockJUnit4ClassRunner.java:70)
	at org.junit.runners.BlockJUnit4ClassRunner.runChild(BlockJUnit4ClassRunner.java:50)
	at org.junit.runners.ParentRunner$3.run(ParentRunner.java:238)
	at org.junit.runners.ParentRunner$1.schedule(ParentRunner.java:63)
	at org.junit.runners.ParentRunner.runChildren(ParentRunner.java:236)
	at org.junit.runners.ParentRunner.access$000(ParentRunner.java:53)
	at org.junit.runners.ParentRunner$2.evaluate(ParentRunner.java:229)
	at org.junit.runners.ParentRunner.run(ParentRunner.java:309)
	at org.eclipse.jdt.internal.junit4.runner.JUnit4TestReference.run(JUnit4TestReference.java:86)
	at org.eclipse.jdt.internal.junit.runner.TestExecution.run(TestExecution.java:38)
	at org.eclipse.jdt.internal.junit.runner.RemoteTestRunner.runTests(RemoteTestRunner.java:459)
	at org.eclipse.jdt.internal.junit.runner.RemoteTestRunner.runTests(RemoteTestRunner.java:678)
	at org.eclipse.jdt.internal.junit.runner.RemoteTestRunner.run(RemoteTestRunner.java:382)
	at org.eclipse.jdt.internal.junit.runner.RemoteTestRunner.main(RemoteTestRunner.java:192)
Caused by: java.lang.ClassNotFoundException: com.mysql.cj.jdbc.Driver
	at java.net.URLClassLoader.findClass(URLClassLoader.java:381)
	at java.lang.ClassLoader.loadClass(ClassLoader.java:424)
	at sun.misc.Launcher$AppClassLoader.loadClass(Launcher.java:331)
	at java.lang.ClassLoader.loadClass(ClassLoader.java:357)
	at java.lang.Class.forName0(Native Method)
	at java.lang.Class.forName(Class.java:264)
	at com.alibaba.druid.util.JdbcUtils.createDriver(JdbcUtils.java:590)
	... 43 more
[WARN] [2017-10-13 01:07:31][org.springframework.context.support.ClassPathXmlApplicationContext]Exception encountered during context initialization - cancelling refresh attempt: org.springframework.beans.factory.BeanCreationException: Error creating bean with name 'dataSource' defined in class path resource [spring-mybatis.xml]: Invocation of init method failed; nested exception is java.sql.SQLException: com.mysql.cj.jdbc.Driver
[INFO] [2017-10-13 01:08:22][org.springframework.context.support.ClassPathXmlApplicationContext]Refreshing org.springframework.context.support.ClassPathXmlApplicationContext@13b6d03: startup date [Fri Oct 13 01:08:22 CST 2017]; root of context hierarchy
[INFO] [2017-10-13 01:08:22][org.springframework.beans.factory.xml.XmlBeanDefinitionReader]Loading XML bean definitions from class path resource [spring.xml]
[INFO] [2017-10-13 01:08:23][org.springframework.beans.factory.xml.XmlBeanDefinitionReader]Loading XML bean definitions from class path resource [spring-mybatis.xml]
[INFO] [2017-10-13 01:08:23][org.springframework.beans.factory.xml.XmlBeanDefinitionReader]Loading XML bean definitions from class path resource [spring-mybatis.xml]
[WARN] [2017-10-13 01:08:23][org.mybatis.spring.mapper.ClassPathMapperScanner]Skipping MapperFactoryBean with name 'userMapper' and 'com.smh.login.mapper.UserMapper' mapperInterface. Bean already defined with the same name!
[WARN] [2017-10-13 01:08:23][org.mybatis.spring.mapper.ClassPathMapperScanner]No MyBatis mapper was found in '[com.smh.*.mapper]' package. Please check your configuration.
[INFO] [2017-10-13 01:08:23][org.springframework.beans.factory.annotation.AutowiredAnnotationBeanPostProcessor]JSR-330 'javax.inject.Inject' annotation found and supported for autowiring
[INFO] [2017-10-13 01:08:24][com.alibaba.druid.pool.DruidDataSource]{dataSource-1} inited
[INFO] [2017-10-13 01:08:43][org.springframework.context.support.ClassPathXmlApplicationContext]Refreshing org.springframework.context.support.ClassPathXmlApplicationContext@13b6d03: startup date [Fri Oct 13 01:08:43 CST 2017]; root of context hierarchy
[INFO] [2017-10-13 01:08:43][org.springframework.beans.factory.xml.XmlBeanDefinitionReader]Loading XML bean definitions from class path resource [spring.xml]
[INFO] [2017-10-13 01:08:43][org.springframework.beans.factory.xml.XmlBeanDefinitionReader]Loading XML bean definitions from class path resource [spring-mybatis.xml]
[INFO] [2017-10-13 01:08:44][org.springframework.beans.factory.xml.XmlBeanDefinitionReader]Loading XML bean definitions from class path resource [spring-mybatis.xml]
[WARN] [2017-10-13 01:08:44][org.mybatis.spring.mapper.ClassPathMapperScanner]Skipping MapperFactoryBean with name 'userMapper' and 'com.smh.login.mapper.UserMapper' mapperInterface. Bean already defined with the same name!
[WARN] [2017-10-13 01:08:44][org.mybatis.spring.mapper.ClassPathMapperScanner]No MyBatis mapper was found in '[com.smh.*.mapper]' package. Please check your configuration.
[INFO] [2017-10-13 01:08:44][org.springframework.beans.factory.annotation.AutowiredAnnotationBeanPostProcessor]JSR-330 'javax.inject.Inject' annotation found and supported for autowiring
[INFO] [2017-10-13 01:08:45][com.alibaba.druid.pool.DruidDataSource]{dataSource-1} inited
[INFO] [2017-10-13 18:07:04][org.springframework.context.support.ClassPathXmlApplicationContext]Refreshing org.springframework.context.support.ClassPathXmlApplicationContext@13b6d03: startup date [Fri Oct 13 18:07:04 CST 2017]; root of context hierarchy
[INFO] [2017-10-13 18:07:04][org.springframework.beans.factory.xml.XmlBeanDefinitionReader]Loading XML bean definitions from class path resource [spring.xml]
[INFO] [2017-10-13 18:07:04][org.springframework.beans.factory.xml.XmlBeanDefinitionReader]Loading XML bean definitions from class path resource [spring-mybatis.xml]
[INFO] [2017-10-13 18:07:04][org.springframework.beans.factory.xml.XmlBeanDefinitionReader]Loading XML bean definitions from class path resource [spring-mybatis.xml]
[WARN] [2017-10-13 18:07:05][org.mybatis.spring.mapper.ClassPathMapperScanner]Skipping MapperFactoryBean with name 'userMapper' and 'com.smh.login.mapper.UserMapper' mapperInterface. Bean already defined with the same name!
[WARN] [2017-10-13 18:07:05][org.mybatis.spring.mapper.ClassPathMapperScanner]No MyBatis mapper was found in '[com.smh.*.mapper]' package. Please check your configuration.
[INFO] [2017-10-13 18:07:05][org.springframework.beans.factory.annotation.AutowiredAnnotationBeanPostProcessor]JSR-330 'javax.inject.Inject' annotation found and supported for autowiring
[INFO] [2017-10-13 18:07:06][com.alibaba.druid.pool.DruidDataSource]{dataSource-1} inited
[INFO] [2017-10-13 18:27:16][org.springframework.context.support.ClassPathXmlApplicationContext]Refreshing org.springframework.context.support.ClassPathXmlApplicationContext@73035e27: startup date [Fri Oct 13 18:27:16 CST 2017]; root of context hierarchy
[INFO] [2017-10-13 18:27:16][org.springframework.beans.factory.xml.XmlBeanDefinitionReader]Loading XML bean definitions from class path resource [spring.xml]
[INFO] [2017-10-13 18:27:16][org.springframework.beans.factory.xml.XmlBeanDefinitionReader]Loading XML bean definitions from class path resource [spring-mybatis.xml]
[INFO] [2017-10-13 18:27:17][org.springframework.beans.factory.xml.XmlBeanDefinitionReader]Loading XML bean definitions from class path resource [spring-mybatis.xml]
[WARN] [2017-10-13 18:27:17][org.mybatis.spring.mapper.ClassPathMapperScanner]Skipping MapperFactoryBean with name 'userMapper' and 'com.smh.login.mapper.UserMapper' mapperInterface. Bean already defined with the same name!
[WARN] [2017-10-13 18:27:17][org.mybatis.spring.mapper.ClassPathMapperScanner]No MyBatis mapper was found in '[com.smh.*.mapper]' package. Please check your configuration.
[INFO] [2017-10-13 18:27:17][org.springframework.beans.factory.annotation.AutowiredAnnotationBeanPostProcessor]JSR-330 'javax.inject.Inject' annotation found and supported for autowiring
[WARN] [2017-10-13 18:27:17][org.springframework.context.support.ClassPathXmlApplicationContext]Exception encountered during context initialization - cancelling refresh attempt: org.springframework.beans.factory.BeanCreationException: Error creating bean with name 'userController': Injection of resource dependencies failed; nested exception is org.springframework.beans.factory.UnsatisfiedDependencyException: Error creating bean with name 'userService': Unsatisfied dependency expressed through field 'userMapper'; nested exception is org.springframework.beans.factory.BeanCreationException: Error creating bean with name 'userMapper' defined in file [/Volumes/ssd2/myeclipse_workspace/smartHome/target/classes/com/smh/login/mapper/UserMapper.class]: Cannot resolve reference to bean 'sqlSessionFactory' while setting bean property 'sqlSessionFactory'; nested exception is org.springframework.beans.factory.NoSuchBeanDefinitionException: No bean named 'sqlSessionFactory' available
[INFO] [2017-10-13 18:27:52][org.springframework.context.support.ClassPathXmlApplicationContext]Refreshing org.springframework.context.support.ClassPathXmlApplicationContext@73035e27: startup date [Fri Oct 13 18:27:52 CST 2017]; root of context hierarchy
[INFO] [2017-10-13 18:27:52][org.springframework.beans.factory.xml.XmlBeanDefinitionReader]Loading XML bean definitions from class path resource [spring.xml]
[INFO] [2017-10-13 18:27:53][org.springframework.beans.factory.xml.XmlBeanDefinitionReader]Loading XML bean definitions from class path resource [spring-mybatis.xml]
[INFO] [2017-10-13 18:27:53][org.springframework.beans.factory.xml.XmlBeanDefinitionReader]Loading XML bean definitions from class path resource [spring-mybatis.xml]
[WARN] [2017-10-13 18:27:53][org.mybatis.spring.mapper.ClassPathMapperScanner]Skipping MapperFactoryBean with name 'userMapper' and 'com.smh.login.mapper.UserMapper' mapperInterface. Bean already defined with the same name!
[WARN] [2017-10-13 18:27:53][org.mybatis.spring.mapper.ClassPathMapperScanner]No MyBatis mapper was found in '[com.smh.*.mapper]' package. Please check your configuration.
[INFO] [2017-10-13 18:27:53][org.springframework.beans.factory.annotation.AutowiredAnnotationBeanPostProcessor]JSR-330 'javax.inject.Inject' annotation found and supported for autowiring
[INFO] [2017-10-13 18:27:54][com.alibaba.druid.pool.DruidDataSource]{dataSource-1} inited
[INFO] [2017-10-13 18:33:03][org.springframework.context.support.ClassPathXmlApplicationContext]Refreshing org.springframework.context.support.ClassPathXmlApplicationContext@73035e27: startup date [Fri Oct 13 18:33:03 CST 2017]; root of context hierarchy
[INFO] [2017-10-13 18:33:03][org.springframework.beans.factory.xml.XmlBeanDefinitionReader]Loading XML bean definitions from class path resource [spring.xml]
[INFO] [2017-10-13 18:33:04][org.springframework.beans.factory.xml.XmlBeanDefinitionReader]Loading XML bean definitions from class path resource [spring-mybatis.xml]
[INFO] [2017-10-13 18:33:04][org.springframework.beans.factory.xml.XmlBeanDefinitionReader]Loading XML bean definitions from class path resource [spring-mybatis.xml]
[WARN] [2017-10-13 18:33:04][org.mybatis.spring.mapper.ClassPathMapperScanner]Skipping MapperFactoryBean with name 'userMapper' and 'com.smh.login.mapper.UserMapper' mapperInterface. Bean already defined with the same name!
[WARN] [2017-10-13 18:33:04][org.mybatis.spring.mapper.ClassPathMapperScanner]No MyBatis mapper was found in '[com.smh.*.mapper]' package. Please check your configuration.
[INFO] [2017-10-13 18:33:04][org.springframework.beans.factory.annotation.AutowiredAnnotationBeanPostProcessor]JSR-330 'javax.inject.Inject' annotation found and supported for autowiring
[WARN] [2017-10-13 18:33:04][org.springframework.context.support.ClassPathXmlApplicationContext]Exception encountered during context initialization - cancelling refresh attempt: org.springframework.beans.factory.BeanCreationException: Error creating bean with name 'userController': Injection of resource dependencies failed; nested exception is org.springframework.beans.factory.UnsatisfiedDependencyException: Error creating bean with name 'userService': Unsatisfied dependency expressed through field 'userMapper'; nested exception is org.springframework.beans.factory.BeanCreationException: Error creating bean with name 'userMapper' defined in file [/Volumes/ssd2/myeclipse_workspace/smartHome/target/classes/com/smh/login/mapper/UserMapper.class]: Cannot resolve reference to bean 'sqlSessionFactory' while setting bean property 'sqlSessionFactory'; nested exception is org.springframework.beans.factory.NoSuchBeanDefinitionException: No bean named 'sqlSessionFactory' available
[INFO] [2017-10-13 18:34:16][org.springframework.context.support.ClassPathXmlApplicationContext]Refreshing org.springframework.context.support.ClassPathXmlApplicationContext@73035e27: startup date [Fri Oct 13 18:34:16 CST 2017]; root of context hierarchy
[INFO] [2017-10-13 18:34:16][org.springframework.beans.factory.xml.XmlBeanDefinitionReader]Loading XML bean definitions from class path resource [spring.xml]
[INFO] [2017-10-13 18:34:17][org.springframework.beans.factory.xml.XmlBeanDefinitionReader]Loading XML bean definitions from class path resource [spring-mybatis.xml]
[INFO] [2017-10-13 18:34:17][org.springframework.beans.factory.xml.XmlBeanDefinitionReader]Loading XML bean definitions from class path resource [spring-mybatis.xml]
[WARN] [2017-10-13 18:34:17][org.mybatis.spring.mapper.ClassPathMapperScanner]Skipping MapperFactoryBean with name 'userMapper' and 'com.smh.login.mapper.UserMapper' mapperInterface. Bean already defined with the same name!
[WARN] [2017-10-13 18:34:17][org.mybatis.spring.mapper.ClassPathMapperScanner]No MyBatis mapper was found in '[com.smh.*.mapper]' package. Please check your configuration.
[INFO] [2017-10-13 18:34:17][org.springframework.beans.factory.annotation.AutowiredAnnotationBeanPostProcessor]JSR-330 'javax.inject.Inject' annotation found and supported for autowiring
[INFO] [2017-10-13 18:34:18][com.alibaba.druid.pool.DruidDataSource]{dataSource-1} inited
[INFO] [2017-10-13 19:53:23][org.springframework.context.support.ClassPathXmlApplicationContext]Refreshing org.springframework.context.support.ClassPathXmlApplicationContext@13b6d03: startup date [Fri Oct 13 19:53:23 CST 2017]; root of context hierarchy
[INFO] [2017-10-13 19:53:23][org.springframework.beans.factory.xml.XmlBeanDefinitionReader]Loading XML bean definitions from class path resource [spring.xml]
[INFO] [2017-10-13 19:53:23][org.springframework.beans.factory.xml.XmlBeanDefinitionReader]Loading XML bean definitions from class path resource [spring-mybatis.xml]
[INFO] [2017-10-13 19:53:23][org.springframework.beans.factory.xml.XmlBeanDefinitionReader]Loading XML bean definitions from class path resource [spring-mybatis.xml]
[WARN] [2017-10-13 19:53:23][org.mybatis.spring.mapper.ClassPathMapperScanner]Skipping MapperFactoryBean with name 'userMapper' and 'com.smh.login.mapper.UserMapper' mapperInterface. Bean already defined with the same name!
[WARN] [2017-10-13 19:53:23][org.mybatis.spring.mapper.ClassPathMapperScanner]No MyBatis mapper was found in '[com.smh.*.mapper]' package. Please check your configuration.
[INFO] [2017-10-13 19:53:23][org.springframework.beans.factory.annotation.AutowiredAnnotationBeanPostProcessor]JSR-330 'javax.inject.Inject' annotation found and supported for autowiring
[INFO] [2017-10-13 19:53:24][com.alibaba.druid.pool.DruidDataSource]{dataSource-1} inited
[INFO] [2017-10-13 20:17:49][org.springframework.context.support.ClassPathXmlApplicationContext]Refreshing org.springframework.context.support.ClassPathXmlApplicationContext@13b6d03: startup date [Fri Oct 13 20:17:49 CST 2017]; root of context hierarchy
[INFO] [2017-10-13 20:17:49][org.springframework.beans.factory.xml.XmlBeanDefinitionReader]Loading XML bean definitions from class path resource [spring.xml]
[INFO] [2017-10-13 20:17:49][org.springframework.beans.factory.xml.XmlBeanDefinitionReader]Loading XML bean definitions from class path resource [spring-mybatis.xml]
[INFO] [2017-10-13 20:17:50][org.springframework.beans.factory.xml.XmlBeanDefinitionReader]Loading XML bean definitions from class path resource [spring-mybatis.xml]
[WARN] [2017-10-13 20:17:50][org.mybatis.spring.mapper.ClassPathMapperScanner]Skipping MapperFactoryBean with name 'userMapper' and 'com.smh.login.mapper.UserMapper' mapperInterface. Bean already defined with the same name!
[WARN] [2017-10-13 20:17:50][org.mybatis.spring.mapper.ClassPathMapperScanner]No MyBatis mapper was found in '[com.smh.*.mapper]' package. Please check your configuration.
[INFO] [2017-10-13 20:17:50][org.springframework.beans.factory.annotation.AutowiredAnnotationBeanPostProcessor]JSR-330 'javax.inject.Inject' annotation found and supported for autowiring
[WARN] [2017-10-13 20:17:50][org.springframework.context.support.ClassPathXmlApplicationContext]Exception encountered during context initialization - cancelling refresh attempt: org.springframework.beans.factory.UnsatisfiedDependencyException: Error creating bean with name 'userService': Unsatisfied dependency expressed through field 'userMapper'; nested exception is org.springframework.beans.factory.BeanCreationException: Error creating bean with name 'userMapper' defined in file [/Volumes/ssd2/myeclipse_workspace/smartHome/target/classes/com/smh/login/mapper/UserMapper.class]: Cannot resolve reference to bean 'sqlSessionFactory' while setting bean property 'sqlSessionFactory'; nested exception is org.springframework.beans.factory.NoSuchBeanDefinitionException: No bean named 'sqlSessionFactory' available
